# JRE version: Java(TM) SE Runtime Environment (16.0+36) (build 16+36-2231)
# Java VM: Java HotSpot(TM) 64-Bit Server VM (16+36-2231, mixed mode, sharing, tiered, compressed oops, g1 gc, windows-amd64)
GC Precious Log:
 CPUs: 6 total, 6 available
 Memory: 16328M
 Large Page Support: Disabled
 NUMA Support: Disabled
 Compressed Oops: Enabled (32-bit)
 Heap Region Size: 1M
 Heap Min Capacity: 8M
 Heap Initial Capacity: 256M
 Heap Max Capacity: 2G
 Pre-touch: Disabled
 Parallel Workers: 6
 Concurrent Workers: 2
 Concurrent Refinement Workers: 6
 Periodic GC: Disabled
Heap:
 garbage-first heap   total 379904K, used 276450K [0x0000000080000000, 0x0000000100000000)
  region size 1024K, 71 young (72704K), 17 survivors (17408K)
 Metaspace       used 100352K, committed 101056K, reserved 1138688K
  class space    used 13461K, committed 13824K, reserved 1048576K
GC Heap History (20 events):
Event: 9.588 GC heap before
{Heap before GC invocations=42 (full 0):
 garbage-first heap   total 184320K, used 150202K [0x0000000080000000, 0x0000000100000000)
  region size 1024K, 56 young (57344K), 7 survivors (7168K)
 Metaspace       used 90476K, committed 91136K, reserved 1130496K
  class space    used 12246K, committed 12544K, reserved 1048576K
}
Event: 9.592 GC heap after
{Heap after GC invocations=43 (full 0):
 garbage-first heap   total 184320K, used 100128K [0x0000000080000000, 0x0000000100000000)
  region size 1024K, 1 young (1024K), 1 survivors (1024K)
 Metaspace       used 90476K, committed 91136K, reserved 1130496K
  class space    used 12246K, committed 12544K, reserved 1048576K
}
Event: 9.745 GC heap before
{Heap before GC invocations=43 (full 0):
 garbage-first heap   total 184320K, used 152352K [0x0000000080000000, 0x0000000100000000)
  region size 1024K, 53 young (54272K), 1 survivors (1024K)
 Metaspace       used 91172K, committed 91776K, reserved 1130496K
  class space    used 12313K, committed 12608K, reserved 1048576K
}
Event: 9.748 GC heap after
{Heap after GC invocations=44 (full 0):
 garbage-first heap   total 184320K, used 101033K [0x0000000080000000, 0x0000000100000000)
  region size 1024K, 2 young (2048K), 2 survivors (2048K)
 Metaspace       used 91172K, committed 91776K, reserved 1130496K
  class space    used 12313K, committed 12608K, reserved 1048576K
}
Event: 9.870 GC heap before
{Heap before GC invocations=45 (full 0):
 garbage-first heap   total 206848K, used 155305K [0x0000000080000000, 0x0000000100000000)
  region size 1024K, 55 young (56320K), 2 survivors (2048K)
 Metaspace       used 91420K, committed 92032K, reserved 1130496K
  class space    used 12332K, committed 12608K, reserved 1048576K
}
Event: 9.874 GC heap after
{Heap after GC invocations=46 (full 0):
 garbage-first heap   total 206848K, used 105432K [0x0000000080000000, 0x0000000100000000)
  region size 1024K, 7 young (7168K), 7 survivors (7168K)
 Metaspace       used 91420K, committed 92032K, reserved 1130496K
  class space    used 12332K, committed 12608K, reserved 1048576K
}
Event: 9.956 GC heap before
{Heap before GC invocations=46 (full 0):
 garbage-first heap   total 206848K, used 168920K [0x0000000080000000, 0x0000000100000000)
  region size 1024K, 70 young (71680K), 7 survivors (7168K)
 Metaspace       used 91678K, committed 92288K, reserved 1130496K
  class space    used 12349K, committed 12672K, reserved 1048576K
}
Event: 9.959 GC heap after
{Heap after GC invocations=47 (full 0):
 garbage-first heap   total 206848K, used 104680K [0x0000000080000000, 0x0000000100000000)
  region size 1024K, 5 young (5120K), 5 survivors (5120K)
 Metaspace       used 91678K, committed 92288K, reserved 1130496K
  class space    used 12349K, committed 12672K, reserved 1048576K
}
Event: 10.191 GC heap before
{Heap before GC invocations=48 (full 0):
 garbage-first heap   total 219136K, used 172264K [0x0000000080000000, 0x0000000100000000)
  region size 1024K, 71 young (72704K), 5 survivors (5120K)
 Metaspace       used 91988K, committed 92608K, reserved 1130496K
  class space    used 12381K, committed 12672K, reserved 1048576K
}
Event: 10.195 GC heap after
{Heap after GC invocations=49 (full 0):
 garbage-first heap   total 219136K, used 103856K [0x0000000080000000, 0x0000000100000000)
  region size 1024K, 5 young (5120K), 5 survivors (5120K)
 Metaspace       used 91988K, committed 92608K, reserved 1130496K
  class space    used 12381K, committed 12672K, reserved 1048576K
}
Event: 10.457 GC heap before
{Heap before GC invocations=49 (full 0):
 garbage-first heap   total 219136K, used 183728K [0x0000000080000000, 0x0000000100000000)
  region size 1024K, 83 young (84992K), 5 survivors (5120K)
 Metaspace       used 92253K, committed 92864K, reserved 1130496K
  class space    used 12381K, committed 12672K, reserved 1048576K
}
Event: 10.460 GC heap after
{Heap after GC invocations=50 (full 0):
 garbage-first heap   total 219136K, used 104379K [0x0000000080000000, 0x0000000100000000)
  region size 1024K, 5 young (5120K), 5 survivors (5120K)
 Metaspace       used 92253K, committed 92864K, reserved 1130496K
  class space    used 12381K, committed 12672K, reserved 1048576K
}
Event: 10.698 GC heap before
{Heap before GC invocations=51 (full 0):
 garbage-first heap   total 219136K, used 186299K [0x0000000080000000, 0x0000000100000000)
  region size 1024K, 85 young (87040K), 5 survivors (5120K)
 Metaspace       used 92339K, committed 92992K, reserved 1130496K
  class space    used 12397K, committed 12736K, reserved 1048576K
}
Event: 10.701 GC heap after
{Heap after GC invocations=52 (full 0):
 garbage-first heap   total 219136K, used 104257K [0x0000000080000000, 0x0000000100000000)
  region size 1024K, 5 young (5120K), 5 survivors (5120K)
 Metaspace       used 92339K, committed 92992K, reserved 1130496K
  class space    used 12397K, committed 12736K, reserved 1048576K
}
Event: 10.929 GC heap before
{Heap before GC invocations=52 (full 0):
 garbage-first heap   total 219136K, used 187201K [0x0000000080000000, 0x0000000100000000)
  region size 1024K, 86 young (88064K), 5 survivors (5120K)
 Metaspace       used 92389K, committed 93056K, reserved 1130496K
  class space    used 12400K, committed 12736K, reserved 1048576K
}
Event: 10.933 GC heap after
{Heap after GC invocations=53 (full 0):
 garbage-first heap   total 334848K, used 104691K [0x0000000080000000, 0x0000000100000000)
  region size 1024K, 5 young (5120K), 5 survivors (5120K)
 Metaspace       used 92389K, committed 93056K, reserved 1130496K
  class space    used 12400K, committed 12736K, reserved 1048576K
}
Event: 11.685 GC heap before
{Heap before GC invocations=54 (full 0):
 garbage-first heap   total 334848K, used 322803K [0x0000000080000000, 0x0000000100000000)
  region size 1024K, 183 young (187392K), 5 survivors (5120K)
 Metaspace       used 97846K, committed 98496K, reserved 1138688K
  class space    used 13121K, committed 13440K, reserved 1048576K
}
Event: 11.718 GC heap after
{Heap after GC invocations=55 (full 0):
 garbage-first heap   total 379904K, used 179663K [0x0000000080000000, 0x0000000100000000)
  region size 1024K, 23 young (23552K), 23 survivors (23552K)
 Metaspace       used 97846K, committed 98496K, reserved 1138688K
  class space    used 13121K, committed 13440K, reserved 1048576K
}
Event: 12.043 GC heap before
{Heap before GC invocations=55 (full 0):
 garbage-first heap   total 379904K, used 291279K [0x0000000080000000, 0x0000000100000000)
  region size 1024K, 133 young (136192K), 23 survivors (23552K)
 Metaspace       used 98964K, committed 99648K, reserved 1138688K
  class space    used 13262K, committed 13568K, reserved 1048576K
}
Event: 12.073 GC heap after
{Heap after GC invocations=56 (full 0):
 garbage-first heap   total 379904K, used 222178K [0x0000000080000000, 0x0000000100000000)
  region size 1024K, 17 young (17408K), 17 survivors (17408K)
 Metaspace       used 98964K, committed 99648K, reserved 1138688K
  class space    used 13262K, committed 13568K, reserved 1048576K
}

