# JRE version: Java(TM) SE Runtime Environment (16.0+36) (build 16+36-2231)
# Java VM: Java HotSpot(TM) 64-Bit Server VM (16+36-2231, mixed mode, sharing, tiered, compressed oops, g1 gc, windows-amd64)
GC Precious Log:
 CPUs: 6 total, 6 available
 Memory: 16328M
 Large Page Support: Disabled
 NUMA Support: Disabled
 Compressed Oops: Enabled (32-bit)
 Heap Region Size: 1M
 Heap Min Capacity: 8M
 Heap Initial Capacity: 256M
 Heap Max Capacity: 2G
 Pre-touch: Disabled
 Parallel Workers: 6
 Concurrent Workers: 2
 Concurrent Refinement Workers: 6
 Periodic GC: Disabled
Heap:
 garbage-first heap   total 198656K, used 145858K [0x0000000080000000, 0x0000000100000000)
  region size 1024K, 21 young (21504K), 7 survivors (7168K)
 Metaspace       used 86460K, committed 87104K, reserved 1130496K
  class space    used 11613K, committed 11904K, reserved 1048576K
GC Heap History (20 events):
Event: 8.678 GC heap before
{Heap before GC invocations=30 (full 0):
 garbage-first heap   total 141312K, used 108860K [0x0000000080000000, 0x0000000100000000)
  region size 1024K, 44 young (45056K), 4 survivors (4096K)
 Metaspace       used 69925K, committed 70528K, reserved 1114112K
  class space    used 9395K, committed 9664K, reserved 1048576K
}
Event: 8.683 GC heap after
{Heap after GC invocations=31 (full 0):
 garbage-first heap   total 141312K, used 70910K [0x0000000080000000, 0x0000000100000000)
  region size 1024K, 4 young (4096K), 4 survivors (4096K)
 Metaspace       used 69925K, committed 70528K, reserved 1114112K
  class space    used 9395K, committed 9664K, reserved 1048576K
}
Event: 8.684 GC heap before
{Heap before GC invocations=31 (full 0):
 garbage-first heap   total 141312K, used 70910K [0x0000000080000000, 0x0000000100000000)
  region size 1024K, 5 young (5120K), 4 survivors (4096K)
 Metaspace       used 69925K, committed 70528K, reserved 1114112K
  class space    used 9395K, committed 9664K, reserved 1048576K
}
Event: 8.687 GC heap after
{Heap after GC invocations=32 (full 0):
 garbage-first heap   total 169984K, used 71551K [0x0000000080000000, 0x0000000100000000)
  region size 1024K, 4 young (4096K), 4 survivors (4096K)
 Metaspace       used 69925K, committed 70528K, reserved 1114112K
  class space    used 9395K, committed 9664K, reserved 1048576K
}
Event: 8.706 GC heap before
{Heap before GC invocations=32 (full 0):
 garbage-first heap   total 169984K, used 78719K [0x0000000080000000, 0x0000000100000000)
  region size 1024K, 6 young (6144K), 4 survivors (4096K)
 Metaspace       used 69927K, committed 70528K, reserved 1114112K
  class space    used 9395K, committed 9664K, reserved 1048576K
}
Event: 8.709 GC heap after
{Heap after GC invocations=33 (full 0):
 garbage-first heap   total 169984K, used 71319K [0x0000000080000000, 0x0000000100000000)
  region size 1024K, 4 young (4096K), 4 survivors (4096K)
 Metaspace       used 69927K, committed 70528K, reserved 1114112K
  class space    used 9395K, committed 9664K, reserved 1048576K
}
Event: 9.410 GC heap before
{Heap before GC invocations=33 (full 0):
 garbage-first heap   total 169984K, used 137879K [0x0000000080000000, 0x0000000100000000)
  region size 1024K, 67 young (68608K), 4 survivors (4096K)
 Metaspace       used 74045K, committed 74624K, reserved 1114112K
  class space    used 10047K, committed 10304K, reserved 1048576K
}
Event: 9.415 GC heap after
{Heap after GC invocations=34 (full 0):
 garbage-first heap   total 169984K, used 76136K [0x0000000080000000, 0x0000000100000000)
  region size 1024K, 8 young (8192K), 8 survivors (8192K)
 Metaspace       used 74045K, committed 74624K, reserved 1114112K
  class space    used 10047K, committed 10304K, reserved 1048576K
}
Event: 9.754 GC heap before
{Heap before GC invocations=34 (full 0):
 garbage-first heap   total 169984K, used 135528K [0x0000000080000000, 0x0000000100000000)
  region size 1024K, 67 young (68608K), 8 survivors (8192K)
 Metaspace       used 74605K, committed 75136K, reserved 1114112K
  class space    used 10065K, committed 10304K, reserved 1048576K
}
Event: 9.760 GC heap after
{Heap after GC invocations=35 (full 0):
 garbage-first heap   total 169984K, used 80443K [0x0000000080000000, 0x0000000100000000)
  region size 1024K, 5 young (5120K), 5 survivors (5120K)
 Metaspace       used 74605K, committed 75136K, reserved 1114112K
  class space    used 10065K, committed 10304K, reserved 1048576K
}
Event: 9.995 GC heap before
{Heap before GC invocations=35 (full 0):
 garbage-first heap   total 169984K, used 135739K [0x0000000080000000, 0x0000000100000000)
  region size 1024K, 60 young (61440K), 5 survivors (5120K)
 Metaspace       used 75082K, committed 75648K, reserved 1122304K
  class space    used 10105K, committed 10368K, reserved 1048576K
}
Event: 10.001 GC heap after
{Heap after GC invocations=36 (full 0):
 garbage-first heap   total 169984K, used 84188K [0x0000000080000000, 0x0000000100000000)
  region size 1024K, 4 young (4096K), 4 survivors (4096K)
 Metaspace       used 75082K, committed 75648K, reserved 1122304K
  class space    used 10105K, committed 10368K, reserved 1048576K
}
Event: 10.556 GC heap before
{Heap before GC invocations=37 (full 0):
 garbage-first heap   total 169984K, used 137436K [0x0000000080000000, 0x0000000100000000)
  region size 1024K, 57 young (58368K), 4 survivors (4096K)
 Metaspace       used 79968K, committed 80512K, reserved 1122304K
  class space    used 10741K, committed 11008K, reserved 1048576K
}
Event: 10.560 GC heap after
{Heap after GC invocations=38 (full 0):
 garbage-first heap   total 169984K, used 88125K [0x0000000080000000, 0x0000000100000000)
  region size 1024K, 8 young (8192K), 8 survivors (8192K)
 Metaspace       used 79968K, committed 80512K, reserved 1122304K
  class space    used 10741K, committed 11008K, reserved 1048576K
}
Event: 11.457 GC heap before
{Heap before GC invocations=38 (full 0):
 garbage-first heap   total 169984K, used 138301K [0x0000000080000000, 0x0000000100000000)
  region size 1024K, 58 young (59392K), 8 survivors (8192K)
 Metaspace       used 82734K, committed 83328K, reserved 1122304K
  class space    used 11133K, committed 11392K, reserved 1048576K
}
Event: 11.462 GC heap after
{Heap after GC invocations=39 (full 0):
 garbage-first heap   total 169984K, used 91897K [0x0000000080000000, 0x0000000100000000)
  region size 1024K, 8 young (8192K), 8 survivors (8192K)
 Metaspace       used 82734K, committed 83328K, reserved 1122304K
  class space    used 11133K, committed 11392K, reserved 1048576K
}
Event: 11.729 GC heap before
{Heap before GC invocations=40 (full 0):
 garbage-first heap   total 169984K, used 136953K [0x0000000080000000, 0x0000000100000000)
  region size 1024K, 54 young (55296K), 8 survivors (8192K)
 Metaspace       used 83764K, committed 84352K, reserved 1122304K
  class space    used 11214K, committed 11456K, reserved 1048576K
}
Event: 11.736 GC heap after
{Heap after GC invocations=41 (full 0):
 garbage-first heap   total 169984K, used 94685K [0x0000000080000000, 0x0000000100000000)
  region size 1024K, 4 young (4096K), 4 survivors (4096K)
 Metaspace       used 83764K, committed 84352K, reserved 1122304K
  class space    used 11214K, committed 11456K, reserved 1048576K
}
Event: 11.934 GC heap before
{Heap before GC invocations=42 (full 0):
 garbage-first heap   total 198656K, used 123357K [0x0000000080000000, 0x0000000100000000)
  region size 1024K, 23 young (23552K), 4 survivors (4096K)
 Metaspace       used 86280K, committed 86848K, reserved 1130496K
  class space    used 11590K, committed 11840K, reserved 1048576K
}
Event: 11.938 GC heap after
{Heap after GC invocations=43 (full 0):
 garbage-first heap   total 198656K, used 111042K [0x0000000080000000, 0x0000000100000000)
  region size 1024K, 7 young (7168K), 7 survivors (7168K)
 Metaspace       used 86280K, committed 86848K, reserved 1130496K
  class space    used 11590K, committed 11840K, reserved 1048576K
}

