# JRE version: Java(TM) SE Runtime Environment (16.0+36) (build 16+36-2231)
# Java VM: Java HotSpot(TM) 64-Bit Server VM (16+36-2231, mixed mode, sharing, tiered, compressed oops, g1 gc, windows-amd64)
GC Precious Log:
 CPUs: 6 total, 6 available
 Memory: 16328M
 Large Page Support: Disabled
 NUMA Support: Disabled
 Compressed Oops: Enabled (32-bit)
 Heap Region Size: 1M
 Heap Min Capacity: 8M
 Heap Initial Capacity: 256M
 Heap Max Capacity: 2G
 Pre-touch: Disabled
 Parallel Workers: 6
 Concurrent Workers: 2
 Concurrent Refinement Workers: 6
 Periodic GC: Disabled
Heap:
 garbage-first heap   total 393216K, used 183063K [0x0000000080000000, 0x0000000100000000)
  region size 1024K, 5 young (5120K), 2 survivors (2048K)
 Metaspace       used 135130K, committed 136192K, reserved 1171456K
  class space    used 17473K, committed 17984K, reserved 1048576K
GC Heap History (20 events):
Event: 240.960 GC heap before
{Heap before GC invocations=63 (full 0):
 garbage-first heap   total 285696K, used 222177K [0x0000000080000000, 0x0000000100000000)
  region size 1024K, 64 young (65536K), 3 survivors (3072K)
 Metaspace       used 114110K, committed 115136K, reserved 1155072K
  class space    used 15041K, committed 15552K, reserved 1048576K
}
Event: 240.966 GC heap after
{Heap after GC invocations=64 (full 0):
 garbage-first heap   total 285696K, used 160827K [0x0000000080000000, 0x0000000100000000)
  region size 1024K, 9 young (9216K), 9 survivors (9216K)
 Metaspace       used 114110K, committed 115136K, reserved 1155072K
  class space    used 15041K, committed 15552K, reserved 1048576K
}
Event: 241.182 GC heap before
{Heap before GC invocations=65 (full 0):
 garbage-first heap   total 293888K, used 194619K [0x0000000080000000, 0x0000000100000000)
  region size 1024K, 38 young (38912K), 9 survivors (9216K)
 Metaspace       used 114862K, committed 115904K, reserved 1155072K
  class space    used 15086K, committed 15616K, reserved 1048576K
}
Event: 241.188 GC heap after
{Heap after GC invocations=66 (full 0):
 garbage-first heap   total 293888K, used 163238K [0x0000000080000000, 0x0000000100000000)
  region size 1024K, 3 young (3072K), 3 survivors (3072K)
 Metaspace       used 114862K, committed 115904K, reserved 1155072K
  class space    used 15086K, committed 15616K, reserved 1048576K
}
Event: 241.740 GC heap before
{Heap before GC invocations=67 (full 0):
 garbage-first heap   total 293888K, used 214438K [0x0000000080000000, 0x0000000100000000)
  region size 1024K, 53 young (54272K), 3 survivors (3072K)
 Metaspace       used 115949K, committed 116992K, reserved 1155072K
  class space    used 15174K, committed 15680K, reserved 1048576K
}
Event: 241.748 GC heap after
{Heap after GC invocations=68 (full 0):
 garbage-first heap   total 293888K, used 184320K [0x0000000080000000, 0x0000000100000000)
  region size 1024K, 10 young (10240K), 10 survivors (10240K)
 Metaspace       used 115949K, committed 116992K, reserved 1155072K
  class space    used 15174K, committed 15680K, reserved 1048576K
}
Event: 242.229 GC heap before
{Heap before GC invocations=69 (full 0):
 garbage-first heap   total 334848K, used 226304K [0x0000000080000000, 0x0000000100000000)
  region size 1024K, 50 young (51200K), 10 survivors (10240K)
 Metaspace       used 116322K, committed 117312K, reserved 1155072K
  class space    used 15196K, committed 15680K, reserved 1048576K
}
Event: 242.239 GC heap after
{Heap after GC invocations=70 (full 0):
 garbage-first heap   total 334848K, used 199427K [0x0000000080000000, 0x0000000100000000)
  region size 1024K, 7 young (7168K), 7 survivors (7168K)
 Metaspace       used 116322K, committed 117312K, reserved 1155072K
  class space    used 15196K, committed 15680K, reserved 1048576K
}
Event: 242.906 GC heap before
{Heap before GC invocations=71 (full 0):
 garbage-first heap   total 353280K, used 264963K [0x0000000080000000, 0x0000000100000000)
  region size 1024K, 63 young (64512K), 7 survivors (7168K)
 Metaspace       used 118410K, committed 119360K, reserved 1155072K
  class space    used 15456K, committed 15936K, reserved 1048576K
}
Event: 242.912 GC heap after
{Heap after GC invocations=72 (full 0):
 garbage-first heap   total 353280K, used 203458K [0x0000000080000000, 0x0000000100000000)
  region size 1024K, 5 young (5120K), 5 survivors (5120K)
 Metaspace       used 118410K, committed 119360K, reserved 1155072K
  class space    used 15456K, committed 15936K, reserved 1048576K
}
Event: 243.077 GC heap before
{Heap before GC invocations=72 (full 0):
 garbage-first heap   total 353280K, used 240322K [0x0000000080000000, 0x0000000100000000)
  region size 1024K, 43 young (44032K), 5 survivors (5120K)
 Metaspace       used 118493K, committed 119552K, reserved 1155072K
  class space    used 15465K, committed 16000K, reserved 1048576K
}
Event: 243.084 GC heap after
{Heap after GC invocations=73 (full 0):
 garbage-first heap   total 353280K, used 207616K [0x0000000080000000, 0x0000000100000000)
  region size 1024K, 9 young (9216K), 9 survivors (9216K)
 Metaspace       used 118493K, committed 119552K, reserved 1155072K
  class space    used 15465K, committed 16000K, reserved 1048576K
}
Event: 243.529 GC heap before
{Heap before GC invocations=74 (full 0):
 garbage-first heap   total 393216K, used 288512K [0x0000000080000000, 0x0000000100000000)
  region size 1024K, 74 young (75776K), 9 survivors (9216K)
 Metaspace       used 122824K, committed 123840K, reserved 1163264K
  class space    used 15817K, committed 16320K, reserved 1048576K
}
Event: 243.534 GC heap after
{Heap after GC invocations=75 (full 0):
 garbage-first heap   total 393216K, used 209869K [0x0000000080000000, 0x0000000100000000)
  region size 1024K, 7 young (7168K), 7 survivors (7168K)
 Metaspace       used 122824K, committed 123840K, reserved 1163264K
  class space    used 15817K, committed 16320K, reserved 1048576K
}
Event: 243.999 GC heap before
{Heap before GC invocations=75 (full 0):
 garbage-first heap   total 393216K, used 305101K [0x0000000080000000, 0x0000000100000000)
  region size 1024K, 101 young (103424K), 7 survivors (7168K)
 Metaspace       used 125160K, committed 126272K, reserved 1163264K
  class space    used 16045K, committed 16576K, reserved 1048576K
}
Event: 244.003 GC heap after
{Heap after GC invocations=76 (full 0):
 garbage-first heap   total 393216K, used 206608K [0x0000000080000000, 0x0000000100000000)
  region size 1024K, 4 young (4096K), 4 survivors (4096K)
 Metaspace       used 125160K, committed 126272K, reserved 1163264K
  class space    used 16045K, committed 16576K, reserved 1048576K
}
Event: 244.682 GC heap before
{Heap before GC invocations=77 (full 0):
 garbage-first heap   total 393216K, used 301840K [0x0000000080000000, 0x0000000100000000)
  region size 1024K, 106 young (108544K), 4 survivors (4096K)
 Metaspace       used 132296K, committed 133376K, reserved 1171456K
  class space    used 17157K, committed 17664K, reserved 1048576K
}
Event: 244.690 GC heap after
{Heap after GC invocations=78 (full 0):
 garbage-first heap   total 393216K, used 208234K [0x0000000080000000, 0x0000000100000000)
  region size 1024K, 14 young (14336K), 14 survivors (14336K)
 Metaspace       used 132296K, committed 133376K, reserved 1171456K
  class space    used 17157K, committed 17664K, reserved 1048576K
}
Event: 244.733 GC heap before
{Heap before GC invocations=78 (full 0):
 garbage-first heap   total 393216K, used 213354K [0x0000000080000000, 0x0000000100000000)
  region size 1024K, 19 young (19456K), 14 survivors (14336K)
 Metaspace       used 132503K, committed 133568K, reserved 1171456K
  class space    used 17183K, committed 17664K, reserved 1048576K
}
Event: 244.747 GC heap after
{Heap after GC invocations=79 (full 0):
 garbage-first heap   total 393216K, used 181183K [0x0000000080000000, 0x0000000100000000)
  region size 1024K, 2 young (2048K), 2 survivors (2048K)
 Metaspace       used 132503K, committed 133568K, reserved 1171456K
  class space    used 17183K, committed 17664K, reserved 1048576K
}

